Build started 13/04/2016 10:59:03 AM.
     1>Project "C:\Users\dan\documents\visual studio 2015\Projects\TDCFileParser\TDCFileParser\TDCFileParser.vcxproj" on node 2 (Build target(s)).
     1>ClCompile:
         C:\Program Files (x86)\Microsoft Visual Studio 14.0\VC\bin\CL.exe /c /IC:\root_v5.34.32\include /I..\ /ZI /nologo /W3 /WX- /sdl /Od /Oy- /D WIN32 /D _DEBUG /D _CONSOLE /D _CRT_SECURE_NO_WARNINGS /D _UNICODE /D UNICODE /Gm /EHsc /RTC1 /MDd /GS /fp:precise /Zc:wchar_t /Zc:forScope /Zc:inline /Fo"Debug\\" /Fd"Debug\vc140.pdb" /Gd /TP /analyze- /errorReport:prompt Parser.cpp TDCFileParser.cpp
         TDCFileParser.cpp
     1>c:\users\dan\documents\visual studio 2015\projects\tdcfileparser\tdcfileparser\tdcfileparser.cpp(16): warning C4129: 'D': unrecognized character escape sequence
     1>c:\users\dan\documents\visual studio 2015\projects\tdcfileparser\tdcfileparser\tdcfileparser.cpp(16): warning C4129: ',': unrecognized character escape sequence
         Parser.cpp
     1>c:\users\dan\documents\visual studio 2015\projects\tdcfileparser\tdcfileparser\parser.cpp(95): warning C4018: '<': signed/unsigned mismatch
     1>c:\users\dan\documents\visual studio 2015\projects\tdcfileparser\tdcfileparser\parser.cpp(99): warning C4018: '<': signed/unsigned mismatch
     1>c:\users\dan\documents\visual studio 2015\projects\tdcfileparser\tdcfileparser\parser.cpp(148): warning C4018: '<': signed/unsigned mismatch
     1>c:\users\dan\documents\visual studio 2015\projects\tdcfileparser\tdcfileparser\parser.cpp(152): warning C4018: '<': signed/unsigned mismatch
         Generating Code...
       Link:
         C:\Program Files (x86)\Microsoft Visual Studio 14.0\VC\bin\link.exe /ERRORREPORT:PROMPT /OUT:"C:\Users\dan\documents\visual studio 2015\Projects\TDCFileParser\Debug\TDCFileParser.exe" /INCREMENTAL /NOLOGO "C:\root_v5.34.32\lib\*.lib" kernel32.lib user32.lib gdi32.lib winspool.lib comdlg32.lib advapi32.lib shell32.lib ole32.lib oleaut32.lib uuid.lib odbc32.lib odbccp32.lib /MANIFEST /MANIFESTUAC:"level='asInvoker' uiAccess='false'" /manifest:embed /Debug /PDB:"C:\Users\dan\documents\visual studio 2015\Projects\TDCFileParser\Debug\TDCFileParser.pdb" /SUBSYSTEM:CONSOLE /TLBID:1 /DYNAMICBASE /NXCOMPAT /IMPLIB:"C:\Users\dan\documents\visual studio 2015\Projects\TDCFileParser\Debug\TDCFileParser.lib" /MACHINE:X86 Debug\Parser.obj
         Debug\ANUFilename.obj
         Debug\TDCWord.obj
         Debug\stdafx.obj
         Debug\TDCFileParser.obj
         TDCFileParser.vcxproj -> C:\Users\dan\documents\visual studio 2015\Projects\TDCFileParser\Debug\TDCFileParser.exe
     1>Done Building Project "C:\Users\dan\documents\visual studio 2015\Projects\TDCFileParser\TDCFileParser\TDCFileParser.vcxproj" (Build target(s)).

Build succeeded.

Time Elapsed 00:00:02.34
